ERROR - 2023-07-07 09:57:06 --> mysqli_sql_exception: Column 'NAMA' cannot be null in C:\xampp\htdocs\puskesmas\vendor\codeigniter4\framework\system\Database\MySQLi\Connection.php:314
Stack trace:
#0 C:\xampp\htdocs\puskesmas\vendor\codeigniter4\framework\system\Database\MySQLi\Connection.php(314): mysqli->query('INSERT INTO `an...')
#1 C:\xampp\htdocs\puskesmas\vendor\codeigniter4\framework\system\Database\BaseConnection.php(715): CodeIgniter\Database\MySQLi\Connection->execute('INSERT INTO `an...')
#2 C:\xampp\htdocs\puskesmas\vendor\codeigniter4\framework\system\Database\BaseConnection.php(643): CodeIgniter\Database\BaseConnection->simpleQuery('INSERT INTO `an...')
#3 C:\xampp\htdocs\puskesmas\vendor\codeigniter4\framework\system\Database\BaseBuilder.php(2265): CodeIgniter\Database\BaseConnection->query('INSERT INTO `an...', Array, false)
#4 C:\xampp\htdocs\puskesmas\app\Models\Antrian_model.php(21): CodeIgniter\Database\BaseBuilder->insert(Array)
#5 C:\xampp\htdocs\puskesmas\app\Controllers\Puskesmas.php(169): App\Models\Antrian_model->saveAntrian(Array)
#6 C:\xampp\htdocs\puskesmas\vendor\codeigniter4\framework\system\CodeIgniter.php(935): App\Controllers\Puskesmas->finishdaftarberobat()
#7 C:\xampp\htdocs\puskesmas\vendor\codeigniter4\framework\system\CodeIgniter.php(431): CodeIgniter\CodeIgniter->runController(Object(App\Controllers\Puskesmas))
#8 C:\xampp\htdocs\puskesmas\vendor\codeigniter4\framework\system\CodeIgniter.php(332): CodeIgniter\CodeIgniter->handleRequest(NULL, Object(Config\Cache), false)
#9 C:\xampp\htdocs\puskesmas\public\index.php(44): CodeIgniter\CodeIgniter->run()
#10 C:\xampp\htdocs\puskesmas\vendor\codeigniter4\framework\system\Commands\Server\rewrite.php(45): require_once('C:\\xampp\\htdocs...')
#11 {main}
CRITICAL - 2023-07-07 09:57:06 --> Column 'NAMA' cannot be null
#0 C:\xampp\htdocs\puskesmas\vendor\codeigniter4\framework\system\Database\MySQLi\Connection.php(314): mysqli->query('INSERT INTO `an...')
#1 C:\xampp\htdocs\puskesmas\vendor\codeigniter4\framework\system\Database\BaseConnection.php(715): CodeIgniter\Database\MySQLi\Connection->execute('INSERT INTO `an...')
#2 C:\xampp\htdocs\puskesmas\vendor\codeigniter4\framework\system\Database\BaseConnection.php(643): CodeIgniter\Database\BaseConnection->simpleQuery('INSERT INTO `an...')
#3 C:\xampp\htdocs\puskesmas\vendor\codeigniter4\framework\system\Database\BaseBuilder.php(2265): CodeIgniter\Database\BaseConnection->query('INSERT INTO `an...', Array, false)
#4 C:\xampp\htdocs\puskesmas\app\Models\Antrian_model.php(21): CodeIgniter\Database\BaseBuilder->insert(Array)
#5 C:\xampp\htdocs\puskesmas\app\Controllers\Puskesmas.php(169): App\Models\Antrian_model->saveAntrian(Array)
#6 C:\xampp\htdocs\puskesmas\vendor\codeigniter4\framework\system\CodeIgniter.php(935): App\Controllers\Puskesmas->finishdaftarberobat()
#7 C:\xampp\htdocs\puskesmas\vendor\codeigniter4\framework\system\CodeIgniter.php(431): CodeIgniter\CodeIgniter->runController(Object(App\Controllers\Puskesmas))
#8 C:\xampp\htdocs\puskesmas\vendor\codeigniter4\framework\system\CodeIgniter.php(332): CodeIgniter\CodeIgniter->handleRequest(NULL, Object(Config\Cache), false)
#9 C:\xampp\htdocs\puskesmas\public\index.php(44): CodeIgniter\CodeIgniter->run()
#10 C:\xampp\htdocs\puskesmas\vendor\codeigniter4\framework\system\Commands\Server\rewrite.php(45): require_once('C:\\xampp\\htdocs...')
#11 {main}
ERROR - 2023-07-07 21:35:40 --> mysqli_sql_exception: Column 'NAMA' cannot be null in C:\xampp\htdocs\puskesmas\vendor\codeigniter4\framework\system\Database\MySQLi\Connection.php:314
Stack trace:
#0 C:\xampp\htdocs\puskesmas\vendor\codeigniter4\framework\system\Database\MySQLi\Connection.php(314): mysqli->query('INSERT INTO `an...')
#1 C:\xampp\htdocs\puskesmas\vendor\codeigniter4\framework\system\Database\BaseConnection.php(715): CodeIgniter\Database\MySQLi\Connection->execute('INSERT INTO `an...')
#2 C:\xampp\htdocs\puskesmas\vendor\codeigniter4\framework\system\Database\BaseConnection.php(643): CodeIgniter\Database\BaseConnection->simpleQuery('INSERT INTO `an...')
#3 C:\xampp\htdocs\puskesmas\vendor\codeigniter4\framework\system\Database\BaseBuilder.php(2265): CodeIgniter\Database\BaseConnection->query('INSERT INTO `an...', Array, false)
#4 C:\xampp\htdocs\puskesmas\app\Models\Antrian_model.php(21): CodeIgniter\Database\BaseBuilder->insert(Array)
#5 C:\xampp\htdocs\puskesmas\app\Controllers\Puskesmas.php(169): App\Models\Antrian_model->saveAntrian(Array)
#6 C:\xampp\htdocs\puskesmas\vendor\codeigniter4\framework\system\CodeIgniter.php(935): App\Controllers\Puskesmas->finishdaftarberobat()
#7 C:\xampp\htdocs\puskesmas\vendor\codeigniter4\framework\system\CodeIgniter.php(431): CodeIgniter\CodeIgniter->runController(Object(App\Controllers\Puskesmas))
#8 C:\xampp\htdocs\puskesmas\vendor\codeigniter4\framework\system\CodeIgniter.php(332): CodeIgniter\CodeIgniter->handleRequest(NULL, Object(Config\Cache), false)
#9 C:\xampp\htdocs\puskesmas\public\index.php(44): CodeIgniter\CodeIgniter->run()
#10 C:\xampp\htdocs\puskesmas\vendor\codeigniter4\framework\system\Commands\Server\rewrite.php(45): require_once('C:\\xampp\\htdocs...')
#11 {main}
CRITICAL - 2023-07-07 21:35:40 --> Column 'NAMA' cannot be null
#0 C:\xampp\htdocs\puskesmas\vendor\codeigniter4\framework\system\Database\MySQLi\Connection.php(314): mysqli->query('INSERT INTO `an...')
#1 C:\xampp\htdocs\puskesmas\vendor\codeigniter4\framework\system\Database\BaseConnection.php(715): CodeIgniter\Database\MySQLi\Connection->execute('INSERT INTO `an...')
#2 C:\xampp\htdocs\puskesmas\vendor\codeigniter4\framework\system\Database\BaseConnection.php(643): CodeIgniter\Database\BaseConnection->simpleQuery('INSERT INTO `an...')
#3 C:\xampp\htdocs\puskesmas\vendor\codeigniter4\framework\system\Database\BaseBuilder.php(2265): CodeIgniter\Database\BaseConnection->query('INSERT INTO `an...', Array, false)
#4 C:\xampp\htdocs\puskesmas\app\Models\Antrian_model.php(21): CodeIgniter\Database\BaseBuilder->insert(Array)
#5 C:\xampp\htdocs\puskesmas\app\Controllers\Puskesmas.php(169): App\Models\Antrian_model->saveAntrian(Array)
#6 C:\xampp\htdocs\puskesmas\vendor\codeigniter4\framework\system\CodeIgniter.php(935): App\Controllers\Puskesmas->finishdaftarberobat()
#7 C:\xampp\htdocs\puskesmas\vendor\codeigniter4\framework\system\CodeIgniter.php(431): CodeIgniter\CodeIgniter->runController(Object(App\Controllers\Puskesmas))
#8 C:\xampp\htdocs\puskesmas\vendor\codeigniter4\framework\system\CodeIgniter.php(332): CodeIgniter\CodeIgniter->handleRequest(NULL, Object(Config\Cache), false)
#9 C:\xampp\htdocs\puskesmas\public\index.php(44): CodeIgniter\CodeIgniter->run()
#10 C:\xampp\htdocs\puskesmas\vendor\codeigniter4\framework\system\Commands\Server\rewrite.php(45): require_once('C:\\xampp\\htdocs...')
#11 {main}
ERROR - 2023-07-07 21:36:30 --> mysqli_sql_exception: Column 'NAMA' cannot be null in C:\xampp\htdocs\puskesmas\vendor\codeigniter4\framework\system\Database\MySQLi\Connection.php:314
Stack trace:
#0 C:\xampp\htdocs\puskesmas\vendor\codeigniter4\framework\system\Database\MySQLi\Connection.php(314): mysqli->query('INSERT INTO `an...')
#1 C:\xampp\htdocs\puskesmas\vendor\codeigniter4\framework\system\Database\BaseConnection.php(715): CodeIgniter\Database\MySQLi\Connection->execute('INSERT INTO `an...')
#2 C:\xampp\htdocs\puskesmas\vendor\codeigniter4\framework\system\Database\BaseConnection.php(643): CodeIgniter\Database\BaseConnection->simpleQuery('INSERT INTO `an...')
#3 C:\xampp\htdocs\puskesmas\vendor\codeigniter4\framework\system\Database\BaseBuilder.php(2265): CodeIgniter\Database\BaseConnection->query('INSERT INTO `an...', Array, false)
#4 C:\xampp\htdocs\puskesmas\app\Models\Antrian_model.php(21): CodeIgniter\Database\BaseBuilder->insert(Array)
#5 C:\xampp\htdocs\puskesmas\app\Controllers\Puskesmas.php(169): App\Models\Antrian_model->saveAntrian(Array)
#6 C:\xampp\htdocs\puskesmas\vendor\codeigniter4\framework\system\CodeIgniter.php(935): App\Controllers\Puskesmas->finishdaftarberobat()
#7 C:\xampp\htdocs\puskesmas\vendor\codeigniter4\framework\system\CodeIgniter.php(431): CodeIgniter\CodeIgniter->runController(Object(App\Controllers\Puskesmas))
#8 C:\xampp\htdocs\puskesmas\vendor\codeigniter4\framework\system\CodeIgniter.php(332): CodeIgniter\CodeIgniter->handleRequest(NULL, Object(Config\Cache), false)
#9 C:\xampp\htdocs\puskesmas\public\index.php(44): CodeIgniter\CodeIgniter->run()
#10 C:\xampp\htdocs\puskesmas\vendor\codeigniter4\framework\system\Commands\Server\rewrite.php(45): require_once('C:\\xampp\\htdocs...')
#11 {main}
CRITICAL - 2023-07-07 21:36:30 --> Column 'NAMA' cannot be null
#0 C:\xampp\htdocs\puskesmas\vendor\codeigniter4\framework\system\Database\MySQLi\Connection.php(314): mysqli->query('INSERT INTO `an...')
#1 C:\xampp\htdocs\puskesmas\vendor\codeigniter4\framework\system\Database\BaseConnection.php(715): CodeIgniter\Database\MySQLi\Connection->execute('INSERT INTO `an...')
#2 C:\xampp\htdocs\puskesmas\vendor\codeigniter4\framework\system\Database\BaseConnection.php(643): CodeIgniter\Database\BaseConnection->simpleQuery('INSERT INTO `an...')
#3 C:\xampp\htdocs\puskesmas\vendor\codeigniter4\framework\system\Database\BaseBuilder.php(2265): CodeIgniter\Database\BaseConnection->query('INSERT INTO `an...', Array, false)
#4 C:\xampp\htdocs\puskesmas\app\Models\Antrian_model.php(21): CodeIgniter\Database\BaseBuilder->insert(Array)
#5 C:\xampp\htdocs\puskesmas\app\Controllers\Puskesmas.php(169): App\Models\Antrian_model->saveAntrian(Array)
#6 C:\xampp\htdocs\puskesmas\vendor\codeigniter4\framework\system\CodeIgniter.php(935): App\Controllers\Puskesmas->finishdaftarberobat()
#7 C:\xampp\htdocs\puskesmas\vendor\codeigniter4\framework\system\CodeIgniter.php(431): CodeIgniter\CodeIgniter->runController(Object(App\Controllers\Puskesmas))
#8 C:\xampp\htdocs\puskesmas\vendor\codeigniter4\framework\system\CodeIgniter.php(332): CodeIgniter\CodeIgniter->handleRequest(NULL, Object(Config\Cache), false)
#9 C:\xampp\htdocs\puskesmas\public\index.php(44): CodeIgniter\CodeIgniter->run()
#10 C:\xampp\htdocs\puskesmas\vendor\codeigniter4\framework\system\Commands\Server\rewrite.php(45): require_once('C:\\xampp\\htdocs...')
#11 {main}
ERROR - 2023-07-07 22:12:04 --> mysqli_sql_exception: Column 'NAMA' cannot be null in C:\xampp\htdocs\puskesmas\vendor\codeigniter4\framework\system\Database\MySQLi\Connection.php:314
Stack trace:
#0 C:\xampp\htdocs\puskesmas\vendor\codeigniter4\framework\system\Database\MySQLi\Connection.php(314): mysqli->query('INSERT INTO `an...')
#1 C:\xampp\htdocs\puskesmas\vendor\codeigniter4\framework\system\Database\BaseConnection.php(715): CodeIgniter\Database\MySQLi\Connection->execute('INSERT INTO `an...')
#2 C:\xampp\htdocs\puskesmas\vendor\codeigniter4\framework\system\Database\BaseConnection.php(643): CodeIgniter\Database\BaseConnection->simpleQuery('INSERT INTO `an...')
#3 C:\xampp\htdocs\puskesmas\vendor\codeigniter4\framework\system\Database\BaseBuilder.php(2265): CodeIgniter\Database\BaseConnection->query('INSERT INTO `an...', Array, false)
#4 C:\xampp\htdocs\puskesmas\app\Models\Antrian_model.php(21): CodeIgniter\Database\BaseBuilder->insert(Array)
#5 C:\xampp\htdocs\puskesmas\app\Controllers\Puskesmas.php(169): App\Models\Antrian_model->saveAntrian(Array)
#6 C:\xampp\htdocs\puskesmas\vendor\codeigniter4\framework\system\CodeIgniter.php(935): App\Controllers\Puskesmas->finishdaftarberobat()
#7 C:\xampp\htdocs\puskesmas\vendor\codeigniter4\framework\system\CodeIgniter.php(431): CodeIgniter\CodeIgniter->runController(Object(App\Controllers\Puskesmas))
#8 C:\xampp\htdocs\puskesmas\vendor\codeigniter4\framework\system\CodeIgniter.php(332): CodeIgniter\CodeIgniter->handleRequest(NULL, Object(Config\Cache), false)
#9 C:\xampp\htdocs\puskesmas\public\index.php(44): CodeIgniter\CodeIgniter->run()
#10 C:\xampp\htdocs\puskesmas\vendor\codeigniter4\framework\system\Commands\Server\rewrite.php(45): require_once('C:\\xampp\\htdocs...')
#11 {main}
CRITICAL - 2023-07-07 22:12:04 --> Column 'NAMA' cannot be null
#0 C:\xampp\htdocs\puskesmas\vendor\codeigniter4\framework\system\Database\MySQLi\Connection.php(314): mysqli->query('INSERT INTO `an...')
#1 C:\xampp\htdocs\puskesmas\vendor\codeigniter4\framework\system\Database\BaseConnection.php(715): CodeIgniter\Database\MySQLi\Connection->execute('INSERT INTO `an...')
#2 C:\xampp\htdocs\puskesmas\vendor\codeigniter4\framework\system\Database\BaseConnection.php(643): CodeIgniter\Database\BaseConnection->simpleQuery('INSERT INTO `an...')
#3 C:\xampp\htdocs\puskesmas\vendor\codeigniter4\framework\system\Database\BaseBuilder.php(2265): CodeIgniter\Database\BaseConnection->query('INSERT INTO `an...', Array, false)
#4 C:\xampp\htdocs\puskesmas\app\Models\Antrian_model.php(21): CodeIgniter\Database\BaseBuilder->insert(Array)
#5 C:\xampp\htdocs\puskesmas\app\Controllers\Puskesmas.php(169): App\Models\Antrian_model->saveAntrian(Array)
#6 C:\xampp\htdocs\puskesmas\vendor\codeigniter4\framework\system\CodeIgniter.php(935): App\Controllers\Puskesmas->finishdaftarberobat()
#7 C:\xampp\htdocs\puskesmas\vendor\codeigniter4\framework\system\CodeIgniter.php(431): CodeIgniter\CodeIgniter->runController(Object(App\Controllers\Puskesmas))
#8 C:\xampp\htdocs\puskesmas\vendor\codeigniter4\framework\system\CodeIgniter.php(332): CodeIgniter\CodeIgniter->handleRequest(NULL, Object(Config\Cache), false)
#9 C:\xampp\htdocs\puskesmas\public\index.php(44): CodeIgniter\CodeIgniter->run()
#10 C:\xampp\htdocs\puskesmas\vendor\codeigniter4\framework\system\Commands\Server\rewrite.php(45): require_once('C:\\xampp\\htdocs...')
#11 {main}
CRITICAL - 2023-07-07 22:20:34 --> Cannot use object of type CodeIgniter\Database\MySQLi\Result as array
#0 C:\xampp\htdocs\puskesmas\vendor\codeigniter4\framework\system\CodeIgniter.php(935): App\Controllers\Puskesmas->daftarbaru()
#1 C:\xampp\htdocs\puskesmas\vendor\codeigniter4\framework\system\CodeIgniter.php(431): CodeIgniter\CodeIgniter->runController(Object(App\Controllers\Puskesmas))
#2 C:\xampp\htdocs\puskesmas\vendor\codeigniter4\framework\system\CodeIgniter.php(332): CodeIgniter\CodeIgniter->handleRequest(NULL, Object(Config\Cache), false)
#3 C:\xampp\htdocs\puskesmas\public\index.php(44): CodeIgniter\CodeIgniter->run()
#4 C:\xampp\htdocs\puskesmas\vendor\codeigniter4\framework\system\Commands\Server\rewrite.php(45): require_once('C:\\xampp\\htdocs...')
#5 {main}
CRITICAL - 2023-07-07 22:21:03 --> syntax error, unexpected 'if' (T_IF)
#0 C:\xampp\htdocs\puskesmas\vendor\codeigniter4\framework\system\Router\Router.php(170): CodeIgniter\Router\Router->autoRoute('puskesmas/dafta...')
#1 C:\xampp\htdocs\puskesmas\vendor\codeigniter4\framework\system\CodeIgniter.php(815): CodeIgniter\Router\Router->handle('puskesmas/dafta...')
#2 C:\xampp\htdocs\puskesmas\vendor\codeigniter4\framework\system\CodeIgniter.php(384): CodeIgniter\CodeIgniter->tryToRouteIt(Object(CodeIgniter\Router\RouteCollection))
#3 C:\xampp\htdocs\puskesmas\vendor\codeigniter4\framework\system\CodeIgniter.php(332): CodeIgniter\CodeIgniter->handleRequest(NULL, Object(Config\Cache), false)
#4 C:\xampp\htdocs\puskesmas\public\index.php(44): CodeIgniter\CodeIgniter->run()
#5 C:\xampp\htdocs\puskesmas\vendor\codeigniter4\framework\system\Commands\Server\rewrite.php(45): require_once('C:\\xampp\\htdocs...')
#6 {main}
CRITICAL - 2023-07-07 22:21:04 --> syntax error, unexpected 'if' (T_IF)
#0 C:\xampp\htdocs\puskesmas\vendor\codeigniter4\framework\system\Router\Router.php(170): CodeIgniter\Router\Router->autoRoute('puskesmas/dafta...')
#1 C:\xampp\htdocs\puskesmas\vendor\codeigniter4\framework\system\CodeIgniter.php(815): CodeIgniter\Router\Router->handle('puskesmas/dafta...')
#2 C:\xampp\htdocs\puskesmas\vendor\codeigniter4\framework\system\CodeIgniter.php(384): CodeIgniter\CodeIgniter->tryToRouteIt(Object(CodeIgniter\Router\RouteCollection))
#3 C:\xampp\htdocs\puskesmas\vendor\codeigniter4\framework\system\CodeIgniter.php(332): CodeIgniter\CodeIgniter->handleRequest(NULL, Object(Config\Cache), false)
#4 C:\xampp\htdocs\puskesmas\public\index.php(44): CodeIgniter\CodeIgniter->run()
#5 C:\xampp\htdocs\puskesmas\vendor\codeigniter4\framework\system\Commands\Server\rewrite.php(45): require_once('C:\\xampp\\htdocs...')
#6 {main}
CRITICAL - 2023-07-07 22:21:06 --> syntax error, unexpected 'if' (T_IF)
#0 C:\xampp\htdocs\puskesmas\vendor\codeigniter4\framework\system\Router\Router.php(170): CodeIgniter\Router\Router->autoRoute('puskesmas/login')
#1 C:\xampp\htdocs\puskesmas\vendor\codeigniter4\framework\system\CodeIgniter.php(815): CodeIgniter\Router\Router->handle('puskesmas/login')
#2 C:\xampp\htdocs\puskesmas\vendor\codeigniter4\framework\system\CodeIgniter.php(384): CodeIgniter\CodeIgniter->tryToRouteIt(Object(CodeIgniter\Router\RouteCollection))
#3 C:\xampp\htdocs\puskesmas\vendor\codeigniter4\framework\system\CodeIgniter.php(332): CodeIgniter\CodeIgniter->handleRequest(NULL, Object(Config\Cache), false)
#4 C:\xampp\htdocs\puskesmas\public\index.php(44): CodeIgniter\CodeIgniter->run()
#5 C:\xampp\htdocs\puskesmas\vendor\codeigniter4\framework\system\Commands\Server\rewrite.php(45): require_once('C:\\xampp\\htdocs...')
#6 {main}
CRITICAL - 2023-07-07 22:21:08 --> syntax error, unexpected 'if' (T_IF)
#0 C:\xampp\htdocs\puskesmas\vendor\codeigniter4\framework\system\Router\Router.php(170): CodeIgniter\Router\Router->autoRoute('puskesmas/login')
#1 C:\xampp\htdocs\puskesmas\vendor\codeigniter4\framework\system\CodeIgniter.php(815): CodeIgniter\Router\Router->handle('puskesmas/login')
#2 C:\xampp\htdocs\puskesmas\vendor\codeigniter4\framework\system\CodeIgniter.php(384): CodeIgniter\CodeIgniter->tryToRouteIt(Object(CodeIgniter\Router\RouteCollection))
#3 C:\xampp\htdocs\puskesmas\vendor\codeigniter4\framework\system\CodeIgniter.php(332): CodeIgniter\CodeIgniter->handleRequest(NULL, Object(Config\Cache), false)
#4 C:\xampp\htdocs\puskesmas\public\index.php(44): CodeIgniter\CodeIgniter->run()
#5 C:\xampp\htdocs\puskesmas\vendor\codeigniter4\framework\system\Commands\Server\rewrite.php(45): require_once('C:\\xampp\\htdocs...')
#6 {main}
CRITICAL - 2023-07-07 22:21:11 --> syntax error, unexpected 'if' (T_IF)
#0 C:\xampp\htdocs\puskesmas\vendor\codeigniter4\framework\system\Router\Router.php(170): CodeIgniter\Router\Router->autoRoute('puskesmas')
#1 C:\xampp\htdocs\puskesmas\vendor\codeigniter4\framework\system\CodeIgniter.php(815): CodeIgniter\Router\Router->handle('puskesmas')
#2 C:\xampp\htdocs\puskesmas\vendor\codeigniter4\framework\system\CodeIgniter.php(384): CodeIgniter\CodeIgniter->tryToRouteIt(Object(CodeIgniter\Router\RouteCollection))
#3 C:\xampp\htdocs\puskesmas\vendor\codeigniter4\framework\system\CodeIgniter.php(332): CodeIgniter\CodeIgniter->handleRequest(NULL, Object(Config\Cache), false)
#4 C:\xampp\htdocs\puskesmas\public\index.php(44): CodeIgniter\CodeIgniter->run()
#5 C:\xampp\htdocs\puskesmas\vendor\codeigniter4\framework\system\Commands\Server\rewrite.php(45): require_once('C:\\xampp\\htdocs...')
#6 {main}
CRITICAL - 2023-07-07 22:21:17 --> syntax error, unexpected 'if' (T_IF)
#0 C:\xampp\htdocs\puskesmas\vendor\codeigniter4\framework\system\Router\Router.php(170): CodeIgniter\Router\Router->autoRoute('puskesmas')
#1 C:\xampp\htdocs\puskesmas\vendor\codeigniter4\framework\system\CodeIgniter.php(815): CodeIgniter\Router\Router->handle('puskesmas')
#2 C:\xampp\htdocs\puskesmas\vendor\codeigniter4\framework\system\CodeIgniter.php(384): CodeIgniter\CodeIgniter->tryToRouteIt(Object(CodeIgniter\Router\RouteCollection))
#3 C:\xampp\htdocs\puskesmas\vendor\codeigniter4\framework\system\CodeIgniter.php(332): CodeIgniter\CodeIgniter->handleRequest(NULL, Object(Config\Cache), false)
#4 C:\xampp\htdocs\puskesmas\public\index.php(44): CodeIgniter\CodeIgniter->run()
#5 C:\xampp\htdocs\puskesmas\vendor\codeigniter4\framework\system\Commands\Server\rewrite.php(45): require_once('C:\\xampp\\htdocs...')
#6 {main}
CRITICAL - 2023-07-07 22:21:23 --> syntax error, unexpected 'if' (T_IF)
#0 C:\xampp\htdocs\puskesmas\vendor\codeigniter4\framework\system\Router\Router.php(170): CodeIgniter\Router\Router->autoRoute('puskesmas')
#1 C:\xampp\htdocs\puskesmas\vendor\codeigniter4\framework\system\CodeIgniter.php(815): CodeIgniter\Router\Router->handle('puskesmas')
#2 C:\xampp\htdocs\puskesmas\vendor\codeigniter4\framework\system\CodeIgniter.php(384): CodeIgniter\CodeIgniter->tryToRouteIt(Object(CodeIgniter\Router\RouteCollection))
#3 C:\xampp\htdocs\puskesmas\vendor\codeigniter4\framework\system\CodeIgniter.php(332): CodeIgniter\CodeIgniter->handleRequest(NULL, Object(Config\Cache), false)
#4 C:\xampp\htdocs\puskesmas\public\index.php(44): CodeIgniter\CodeIgniter->run()
#5 C:\xampp\htdocs\puskesmas\vendor\codeigniter4\framework\system\Commands\Server\rewrite.php(45): require_once('C:\\xampp\\htdocs...')
#6 {main}
CRITICAL - 2023-07-07 22:21:46 --> Cannot use object of type CodeIgniter\Database\MySQLi\Result as array
#0 C:\xampp\htdocs\puskesmas\vendor\codeigniter4\framework\system\CodeIgniter.php(935): App\Controllers\Puskesmas->daftarbaru()
#1 C:\xampp\htdocs\puskesmas\vendor\codeigniter4\framework\system\CodeIgniter.php(431): CodeIgniter\CodeIgniter->runController(Object(App\Controllers\Puskesmas))
#2 C:\xampp\htdocs\puskesmas\vendor\codeigniter4\framework\system\CodeIgniter.php(332): CodeIgniter\CodeIgniter->handleRequest(NULL, Object(Config\Cache), false)
#3 C:\xampp\htdocs\puskesmas\public\index.php(44): CodeIgniter\CodeIgniter->run()
#4 C:\xampp\htdocs\puskesmas\vendor\codeigniter4\framework\system\Commands\Server\rewrite.php(45): require_once('C:\\xampp\\htdocs...')
#5 {main}
CRITICAL - 2023-07-07 22:22:33 --> syntax error, unexpected end of file, expecting function (T_FUNCTION) or const (T_CONST)
#0 C:\xampp\htdocs\puskesmas\vendor\codeigniter4\framework\system\Router\Router.php(170): CodeIgniter\Router\Router->autoRoute('puskesmas/dafta...')
#1 C:\xampp\htdocs\puskesmas\vendor\codeigniter4\framework\system\CodeIgniter.php(815): CodeIgniter\Router\Router->handle('puskesmas/dafta...')
#2 C:\xampp\htdocs\puskesmas\vendor\codeigniter4\framework\system\CodeIgniter.php(384): CodeIgniter\CodeIgniter->tryToRouteIt(Object(CodeIgniter\Router\RouteCollection))
#3 C:\xampp\htdocs\puskesmas\vendor\codeigniter4\framework\system\CodeIgniter.php(332): CodeIgniter\CodeIgniter->handleRequest(NULL, Object(Config\Cache), false)
#4 C:\xampp\htdocs\puskesmas\public\index.php(44): CodeIgniter\CodeIgniter->run()
#5 C:\xampp\htdocs\puskesmas\vendor\codeigniter4\framework\system\Commands\Server\rewrite.php(45): require_once('C:\\xampp\\htdocs...')
#6 {main}
CRITICAL - 2023-07-07 22:22:34 --> syntax error, unexpected end of file, expecting function (T_FUNCTION) or const (T_CONST)
#0 C:\xampp\htdocs\puskesmas\vendor\codeigniter4\framework\system\Router\Router.php(170): CodeIgniter\Router\Router->autoRoute('puskesmas/dafta...')
#1 C:\xampp\htdocs\puskesmas\vendor\codeigniter4\framework\system\CodeIgniter.php(815): CodeIgniter\Router\Router->handle('puskesmas/dafta...')
#2 C:\xampp\htdocs\puskesmas\vendor\codeigniter4\framework\system\CodeIgniter.php(384): CodeIgniter\CodeIgniter->tryToRouteIt(Object(CodeIgniter\Router\RouteCollection))
#3 C:\xampp\htdocs\puskesmas\vendor\codeigniter4\framework\system\CodeIgniter.php(332): CodeIgniter\CodeIgniter->handleRequest(NULL, Object(Config\Cache), false)
#4 C:\xampp\htdocs\puskesmas\public\index.php(44): CodeIgniter\CodeIgniter->run()
#5 C:\xampp\htdocs\puskesmas\vendor\codeigniter4\framework\system\Commands\Server\rewrite.php(45): require_once('C:\\xampp\\htdocs...')
#6 {main}
CRITICAL - 2023-07-07 22:22:36 --> syntax error, unexpected end of file, expecting function (T_FUNCTION) or const (T_CONST)
#0 C:\xampp\htdocs\puskesmas\vendor\codeigniter4\framework\system\Router\Router.php(170): CodeIgniter\Router\Router->autoRoute('puskesmas/login')
#1 C:\xampp\htdocs\puskesmas\vendor\codeigniter4\framework\system\CodeIgniter.php(815): CodeIgniter\Router\Router->handle('puskesmas/login')
#2 C:\xampp\htdocs\puskesmas\vendor\codeigniter4\framework\system\CodeIgniter.php(384): CodeIgniter\CodeIgniter->tryToRouteIt(Object(CodeIgniter\Router\RouteCollection))
#3 C:\xampp\htdocs\puskesmas\vendor\codeigniter4\framework\system\CodeIgniter.php(332): CodeIgniter\CodeIgniter->handleRequest(NULL, Object(Config\Cache), false)
#4 C:\xampp\htdocs\puskesmas\public\index.php(44): CodeIgniter\CodeIgniter->run()
#5 C:\xampp\htdocs\puskesmas\vendor\codeigniter4\framework\system\Commands\Server\rewrite.php(45): require_once('C:\\xampp\\htdocs...')
#6 {main}
CRITICAL - 2023-07-07 22:22:38 --> syntax error, unexpected end of file, expecting function (T_FUNCTION) or const (T_CONST)
#0 C:\xampp\htdocs\puskesmas\vendor\codeigniter4\framework\system\Router\Router.php(170): CodeIgniter\Router\Router->autoRoute('puskesmas')
#1 C:\xampp\htdocs\puskesmas\vendor\codeigniter4\framework\system\CodeIgniter.php(815): CodeIgniter\Router\Router->handle('puskesmas')
#2 C:\xampp\htdocs\puskesmas\vendor\codeigniter4\framework\system\CodeIgniter.php(384): CodeIgniter\CodeIgniter->tryToRouteIt(Object(CodeIgniter\Router\RouteCollection))
#3 C:\xampp\htdocs\puskesmas\vendor\codeigniter4\framework\system\CodeIgniter.php(332): CodeIgniter\CodeIgniter->handleRequest(NULL, Object(Config\Cache), false)
#4 C:\xampp\htdocs\puskesmas\public\index.php(44): CodeIgniter\CodeIgniter->run()
#5 C:\xampp\htdocs\puskesmas\vendor\codeigniter4\framework\system\Commands\Server\rewrite.php(45): require_once('C:\\xampp\\htdocs...')
#6 {main}
CRITICAL - 2023-07-07 22:23:07 --> Cannot use object of type CodeIgniter\Database\MySQLi\Result as array
#0 C:\xampp\htdocs\puskesmas\vendor\codeigniter4\framework\system\CodeIgniter.php(935): App\Controllers\Puskesmas->daftarbaru()
#1 C:\xampp\htdocs\puskesmas\vendor\codeigniter4\framework\system\CodeIgniter.php(431): CodeIgniter\CodeIgniter->runController(Object(App\Controllers\Puskesmas))
#2 C:\xampp\htdocs\puskesmas\vendor\codeigniter4\framework\system\CodeIgniter.php(332): CodeIgniter\CodeIgniter->handleRequest(NULL, Object(Config\Cache), false)
#3 C:\xampp\htdocs\puskesmas\public\index.php(44): CodeIgniter\CodeIgniter->run()
#4 C:\xampp\htdocs\puskesmas\vendor\codeigniter4\framework\system\Commands\Server\rewrite.php(45): require_once('C:\\xampp\\htdocs...')
#5 {main}
CRITICAL - 2023-07-07 22:23:46 --> Call to undefined method App\Models\Biodata_model::modelcustom
#0 C:\xampp\htdocs\puskesmas\app\Controllers\Puskesmas.php(250): CodeIgniter\Model->__call('modelcustom', Array)
#1 C:\xampp\htdocs\puskesmas\vendor\codeigniter4\framework\system\CodeIgniter.php(935): App\Controllers\Puskesmas->daftarbaru()
#2 C:\xampp\htdocs\puskesmas\vendor\codeigniter4\framework\system\CodeIgniter.php(431): CodeIgniter\CodeIgniter->runController(Object(App\Controllers\Puskesmas))
#3 C:\xampp\htdocs\puskesmas\vendor\codeigniter4\framework\system\CodeIgniter.php(332): CodeIgniter\CodeIgniter->handleRequest(NULL, Object(Config\Cache), false)
#4 C:\xampp\htdocs\puskesmas\public\index.php(44): CodeIgniter\CodeIgniter->run()
#5 C:\xampp\htdocs\puskesmas\vendor\codeigniter4\framework\system\Commands\Server\rewrite.php(45): require_once('C:\\xampp\\htdocs...')
#6 {main}
CRITICAL - 2023-07-07 22:23:51 --> Call to undefined method App\Models\Biodata_model::modelcustom
#0 C:\xampp\htdocs\puskesmas\app\Controllers\Puskesmas.php(250): CodeIgniter\Model->__call('modelcustom', Array)
#1 C:\xampp\htdocs\puskesmas\vendor\codeigniter4\framework\system\CodeIgniter.php(935): App\Controllers\Puskesmas->daftarbaru()
#2 C:\xampp\htdocs\puskesmas\vendor\codeigniter4\framework\system\CodeIgniter.php(431): CodeIgniter\CodeIgniter->runController(Object(App\Controllers\Puskesmas))
#3 C:\xampp\htdocs\puskesmas\vendor\codeigniter4\framework\system\CodeIgniter.php(332): CodeIgniter\CodeIgniter->handleRequest(NULL, Object(Config\Cache), false)
#4 C:\xampp\htdocs\puskesmas\public\index.php(44): CodeIgniter\CodeIgniter->run()
#5 C:\xampp\htdocs\puskesmas\vendor\codeigniter4\framework\system\Commands\Server\rewrite.php(45): require_once('C:\\xampp\\htdocs...')
#6 {main}
CRITICAL - 2023-07-07 22:24:07 --> Call to undefined method App\Models\Biodata_model::modelcustom
#0 C:\xampp\htdocs\puskesmas\app\Controllers\Puskesmas.php(250): CodeIgniter\Model->__call('modelcustom', Array)
#1 C:\xampp\htdocs\puskesmas\vendor\codeigniter4\framework\system\CodeIgniter.php(935): App\Controllers\Puskesmas->daftarbaru()
#2 C:\xampp\htdocs\puskesmas\vendor\codeigniter4\framework\system\CodeIgniter.php(431): CodeIgniter\CodeIgniter->runController(Object(App\Controllers\Puskesmas))
#3 C:\xampp\htdocs\puskesmas\vendor\codeigniter4\framework\system\CodeIgniter.php(332): CodeIgniter\CodeIgniter->handleRequest(NULL, Object(Config\Cache), false)
#4 C:\xampp\htdocs\puskesmas\public\index.php(44): CodeIgniter\CodeIgniter->run()
#5 C:\xampp\htdocs\puskesmas\vendor\codeigniter4\framework\system\Commands\Server\rewrite.php(45): require_once('C:\\xampp\\htdocs...')
#6 {main}
CRITICAL - 2023-07-07 22:24:10 --> Call to undefined method App\Models\Biodata_model::modelcustom
#0 C:\xampp\htdocs\puskesmas\app\Controllers\Puskesmas.php(250): CodeIgniter\Model->__call('modelcustom', Array)
#1 C:\xampp\htdocs\puskesmas\vendor\codeigniter4\framework\system\CodeIgniter.php(935): App\Controllers\Puskesmas->daftarbaru()
#2 C:\xampp\htdocs\puskesmas\vendor\codeigniter4\framework\system\CodeIgniter.php(431): CodeIgniter\CodeIgniter->runController(Object(App\Controllers\Puskesmas))
#3 C:\xampp\htdocs\puskesmas\vendor\codeigniter4\framework\system\CodeIgniter.php(332): CodeIgniter\CodeIgniter->handleRequest(NULL, Object(Config\Cache), false)
#4 C:\xampp\htdocs\puskesmas\public\index.php(44): CodeIgniter\CodeIgniter->run()
#5 C:\xampp\htdocs\puskesmas\vendor\codeigniter4\framework\system\Commands\Server\rewrite.php(45): require_once('C:\\xampp\\htdocs...')
#6 {main}
CRITICAL - 2023-07-07 22:24:46 --> Call to undefined method App\Models\Biodata_model::modelcustom
#0 C:\xampp\htdocs\puskesmas\app\Controllers\Puskesmas.php(250): CodeIgniter\Model->__call('modelcustom', Array)
#1 C:\xampp\htdocs\puskesmas\vendor\codeigniter4\framework\system\CodeIgniter.php(935): App\Controllers\Puskesmas->daftarbaru()
#2 C:\xampp\htdocs\puskesmas\vendor\codeigniter4\framework\system\CodeIgniter.php(431): CodeIgniter\CodeIgniter->runController(Object(App\Controllers\Puskesmas))
#3 C:\xampp\htdocs\puskesmas\vendor\codeigniter4\framework\system\CodeIgniter.php(332): CodeIgniter\CodeIgniter->handleRequest(NULL, Object(Config\Cache), false)
#4 C:\xampp\htdocs\puskesmas\public\index.php(44): CodeIgniter\CodeIgniter->run()
#5 C:\xampp\htdocs\puskesmas\vendor\codeigniter4\framework\system\Commands\Server\rewrite.php(45): require_once('C:\\xampp\\htdocs...')
#6 {main}
CRITICAL - 2023-07-07 22:24:48 --> Call to undefined method App\Models\Biodata_model::modelcustom
#0 C:\xampp\htdocs\puskesmas\app\Controllers\Puskesmas.php(250): CodeIgniter\Model->__call('modelcustom', Array)
#1 C:\xampp\htdocs\puskesmas\vendor\codeigniter4\framework\system\CodeIgniter.php(935): App\Controllers\Puskesmas->daftarbaru()
#2 C:\xampp\htdocs\puskesmas\vendor\codeigniter4\framework\system\CodeIgniter.php(431): CodeIgniter\CodeIgniter->runController(Object(App\Controllers\Puskesmas))
#3 C:\xampp\htdocs\puskesmas\vendor\codeigniter4\framework\system\CodeIgniter.php(332): CodeIgniter\CodeIgniter->handleRequest(NULL, Object(Config\Cache), false)
#4 C:\xampp\htdocs\puskesmas\public\index.php(44): CodeIgniter\CodeIgniter->run()
#5 C:\xampp\htdocs\puskesmas\vendor\codeigniter4\framework\system\Commands\Server\rewrite.php(45): require_once('C:\\xampp\\htdocs...')
#6 {main}
CRITICAL - 2023-07-07 22:24:52 --> Call to undefined method App\Models\Biodata_model::modelcustom
#0 C:\xampp\htdocs\puskesmas\app\Controllers\Puskesmas.php(250): CodeIgniter\Model->__call('modelcustom', Array)
#1 C:\xampp\htdocs\puskesmas\vendor\codeigniter4\framework\system\CodeIgniter.php(935): App\Controllers\Puskesmas->daftarbaru()
#2 C:\xampp\htdocs\puskesmas\vendor\codeigniter4\framework\system\CodeIgniter.php(431): CodeIgniter\CodeIgniter->runController(Object(App\Controllers\Puskesmas))
#3 C:\xampp\htdocs\puskesmas\vendor\codeigniter4\framework\system\CodeIgniter.php(332): CodeIgniter\CodeIgniter->handleRequest(NULL, Object(Config\Cache), false)
#4 C:\xampp\htdocs\puskesmas\public\index.php(44): CodeIgniter\CodeIgniter->run()
#5 C:\xampp\htdocs\puskesmas\vendor\codeigniter4\framework\system\Commands\Server\rewrite.php(45): require_once('C:\\xampp\\htdocs...')
#6 {main}
CRITICAL - 2023-07-07 22:24:59 --> Call to undefined method App\Models\Biodata_model::modelcustom
#0 C:\xampp\htdocs\puskesmas\app\Controllers\Puskesmas.php(250): CodeIgniter\Model->__call('modelcustom', Array)
#1 C:\xampp\htdocs\puskesmas\vendor\codeigniter4\framework\system\CodeIgniter.php(935): App\Controllers\Puskesmas->daftarbaru()
#2 C:\xampp\htdocs\puskesmas\vendor\codeigniter4\framework\system\CodeIgniter.php(431): CodeIgniter\CodeIgniter->runController(Object(App\Controllers\Puskesmas))
#3 C:\xampp\htdocs\puskesmas\vendor\codeigniter4\framework\system\CodeIgniter.php(332): CodeIgniter\CodeIgniter->handleRequest(NULL, Object(Config\Cache), false)
#4 C:\xampp\htdocs\puskesmas\public\index.php(44): CodeIgniter\CodeIgniter->run()
#5 C:\xampp\htdocs\puskesmas\vendor\codeigniter4\framework\system\Commands\Server\rewrite.php(45): require_once('C:\\xampp\\htdocs...')
#6 {main}
CRITICAL - 2023-07-07 22:25:11 --> Call to undefined method App\Models\Biodata_model::modelcustom
#0 C:\xampp\htdocs\puskesmas\app\Controllers\Puskesmas.php(250): CodeIgniter\Model->__call('modelcustom', Array)
#1 C:\xampp\htdocs\puskesmas\vendor\codeigniter4\framework\system\CodeIgniter.php(935): App\Controllers\Puskesmas->daftarbaru()
#2 C:\xampp\htdocs\puskesmas\vendor\codeigniter4\framework\system\CodeIgniter.php(431): CodeIgniter\CodeIgniter->runController(Object(App\Controllers\Puskesmas))
#3 C:\xampp\htdocs\puskesmas\vendor\codeigniter4\framework\system\CodeIgniter.php(332): CodeIgniter\CodeIgniter->handleRequest(NULL, Object(Config\Cache), false)
#4 C:\xampp\htdocs\puskesmas\public\index.php(44): CodeIgniter\CodeIgniter->run()
#5 C:\xampp\htdocs\puskesmas\vendor\codeigniter4\framework\system\Commands\Server\rewrite.php(45): require_once('C:\\xampp\\htdocs...')
#6 {main}
CRITICAL - 2023-07-07 22:25:13 --> Call to undefined method App\Models\Biodata_model::modelcustom
#0 C:\xampp\htdocs\puskesmas\app\Controllers\Puskesmas.php(250): CodeIgniter\Model->__call('modelcustom', Array)
#1 C:\xampp\htdocs\puskesmas\vendor\codeigniter4\framework\system\CodeIgniter.php(935): App\Controllers\Puskesmas->daftarbaru()
#2 C:\xampp\htdocs\puskesmas\vendor\codeigniter4\framework\system\CodeIgniter.php(431): CodeIgniter\CodeIgniter->runController(Object(App\Controllers\Puskesmas))
#3 C:\xampp\htdocs\puskesmas\vendor\codeigniter4\framework\system\CodeIgniter.php(332): CodeIgniter\CodeIgniter->handleRequest(NULL, Object(Config\Cache), false)
#4 C:\xampp\htdocs\puskesmas\public\index.php(44): CodeIgniter\CodeIgniter->run()
#5 C:\xampp\htdocs\puskesmas\vendor\codeigniter4\framework\system\Commands\Server\rewrite.php(45): require_once('C:\\xampp\\htdocs...')
#6 {main}
CRITICAL - 2023-07-07 22:25:15 --> Call to undefined method App\Models\Biodata_model::modelcustom
#0 C:\xampp\htdocs\puskesmas\app\Controllers\Puskesmas.php(250): CodeIgniter\Model->__call('modelcustom', Array)
#1 C:\xampp\htdocs\puskesmas\vendor\codeigniter4\framework\system\CodeIgniter.php(935): App\Controllers\Puskesmas->daftarbaru()
#2 C:\xampp\htdocs\puskesmas\vendor\codeigniter4\framework\system\CodeIgniter.php(431): CodeIgniter\CodeIgniter->runController(Object(App\Controllers\Puskesmas))
#3 C:\xampp\htdocs\puskesmas\vendor\codeigniter4\framework\system\CodeIgniter.php(332): CodeIgniter\CodeIgniter->handleRequest(NULL, Object(Config\Cache), false)
#4 C:\xampp\htdocs\puskesmas\public\index.php(44): CodeIgniter\CodeIgniter->run()
#5 C:\xampp\htdocs\puskesmas\vendor\codeigniter4\framework\system\Commands\Server\rewrite.php(45): require_once('C:\\xampp\\htdocs...')
#6 {main}
ERROR - 2023-07-07 22:28:20 --> mysqli_sql_exception: Column 'NAMA' cannot be null in C:\xampp\htdocs\puskesmas\vendor\codeigniter4\framework\system\Database\MySQLi\Connection.php:314
Stack trace:
#0 C:\xampp\htdocs\puskesmas\vendor\codeigniter4\framework\system\Database\MySQLi\Connection.php(314): mysqli->query('INSERT INTO `an...')
#1 C:\xampp\htdocs\puskesmas\vendor\codeigniter4\framework\system\Database\BaseConnection.php(715): CodeIgniter\Database\MySQLi\Connection->execute('INSERT INTO `an...')
#2 C:\xampp\htdocs\puskesmas\vendor\codeigniter4\framework\system\Database\BaseConnection.php(643): CodeIgniter\Database\BaseConnection->simpleQuery('INSERT INTO `an...')
#3 C:\xampp\htdocs\puskesmas\vendor\codeigniter4\framework\system\Database\BaseBuilder.php(2265): CodeIgniter\Database\BaseConnection->query('INSERT INTO `an...', Array, false)
#4 C:\xampp\htdocs\puskesmas\app\Models\Antrian_model.php(21): CodeIgniter\Database\BaseBuilder->insert(Array)
#5 C:\xampp\htdocs\puskesmas\app\Controllers\Puskesmas.php(169): App\Models\Antrian_model->saveAntrian(Array)
#6 C:\xampp\htdocs\puskesmas\vendor\codeigniter4\framework\system\CodeIgniter.php(935): App\Controllers\Puskesmas->finishdaftarberobat()
#7 C:\xampp\htdocs\puskesmas\vendor\codeigniter4\framework\system\CodeIgniter.php(431): CodeIgniter\CodeIgniter->runController(Object(App\Controllers\Puskesmas))
#8 C:\xampp\htdocs\puskesmas\vendor\codeigniter4\framework\system\CodeIgniter.php(332): CodeIgniter\CodeIgniter->handleRequest(NULL, Object(Config\Cache), false)
#9 C:\xampp\htdocs\puskesmas\public\index.php(44): CodeIgniter\CodeIgniter->run()
#10 C:\xampp\htdocs\puskesmas\vendor\codeigniter4\framework\system\Commands\Server\rewrite.php(45): require_once('C:\\xampp\\htdocs...')
#11 {main}
CRITICAL - 2023-07-07 22:28:20 --> Column 'NAMA' cannot be null
#0 C:\xampp\htdocs\puskesmas\vendor\codeigniter4\framework\system\Database\MySQLi\Connection.php(314): mysqli->query('INSERT INTO `an...')
#1 C:\xampp\htdocs\puskesmas\vendor\codeigniter4\framework\system\Database\BaseConnection.php(715): CodeIgniter\Database\MySQLi\Connection->execute('INSERT INTO `an...')
#2 C:\xampp\htdocs\puskesmas\vendor\codeigniter4\framework\system\Database\BaseConnection.php(643): CodeIgniter\Database\BaseConnection->simpleQuery('INSERT INTO `an...')
#3 C:\xampp\htdocs\puskesmas\vendor\codeigniter4\framework\system\Database\BaseBuilder.php(2265): CodeIgniter\Database\BaseConnection->query('INSERT INTO `an...', Array, false)
#4 C:\xampp\htdocs\puskesmas\app\Models\Antrian_model.php(21): CodeIgniter\Database\BaseBuilder->insert(Array)
#5 C:\xampp\htdocs\puskesmas\app\Controllers\Puskesmas.php(169): App\Models\Antrian_model->saveAntrian(Array)
#6 C:\xampp\htdocs\puskesmas\vendor\codeigniter4\framework\system\CodeIgniter.php(935): App\Controllers\Puskesmas->finishdaftarberobat()
#7 C:\xampp\htdocs\puskesmas\vendor\codeigniter4\framework\system\CodeIgniter.php(431): CodeIgniter\CodeIgniter->runController(Object(App\Controllers\Puskesmas))
#8 C:\xampp\htdocs\puskesmas\vendor\codeigniter4\framework\system\CodeIgniter.php(332): CodeIgniter\CodeIgniter->handleRequest(NULL, Object(Config\Cache), false)
#9 C:\xampp\htdocs\puskesmas\public\index.php(44): CodeIgniter\CodeIgniter->run()
#10 C:\xampp\htdocs\puskesmas\vendor\codeigniter4\framework\system\Commands\Server\rewrite.php(45): require_once('C:\\xampp\\htdocs...')
#11 {main}
