CRITICAL - 2023-10-24 00:02:17 --> Class 'App\Controllers\DBiodata_model' not found
#0 C:\xampp\htdocs\puskesmas\vendor\codeigniter4\framework\system\CodeIgniter.php(935): App\Controllers\DBiodata->index()
#1 C:\xampp\htdocs\puskesmas\vendor\codeigniter4\framework\system\CodeIgniter.php(431): CodeIgniter\CodeIgniter->runController(Object(App\Controllers\DBiodata))
#2 C:\xampp\htdocs\puskesmas\vendor\codeigniter4\framework\system\CodeIgniter.php(332): CodeIgniter\CodeIgniter->handleRequest(NULL, Object(Config\Cache), false)
#3 C:\xampp\htdocs\puskesmas\public\index.php(44): CodeIgniter\CodeIgniter->run()
#4 C:\xampp\htdocs\puskesmas\vendor\codeigniter4\framework\system\Commands\Server\rewrite.php(45): require_once('C:\\xampp\\htdocs...')
#5 {main}
CRITICAL - 2023-10-24 00:04:54 --> Class 'App\Controllers\DBiodata_model' not found
#0 C:\xampp\htdocs\puskesmas\vendor\codeigniter4\framework\system\CodeIgniter.php(935): App\Controllers\DBiodata->index()
#1 C:\xampp\htdocs\puskesmas\vendor\codeigniter4\framework\system\CodeIgniter.php(431): CodeIgniter\CodeIgniter->runController(Object(App\Controllers\DBiodata))
#2 C:\xampp\htdocs\puskesmas\vendor\codeigniter4\framework\system\CodeIgniter.php(332): CodeIgniter\CodeIgniter->handleRequest(NULL, Object(Config\Cache), false)
#3 C:\xampp\htdocs\puskesmas\public\index.php(44): CodeIgniter\CodeIgniter->run()
#4 C:\xampp\htdocs\puskesmas\vendor\codeigniter4\framework\system\Commands\Server\rewrite.php(45): require_once('C:\\xampp\\htdocs...')
#5 {main}
CRITICAL - 2023-10-24 00:06:40 --> Class 'App\Controllers\DBiodata_model' not found
#0 C:\xampp\htdocs\puskesmas\vendor\codeigniter4\framework\system\CodeIgniter.php(935): App\Controllers\DBiodata->index()
#1 C:\xampp\htdocs\puskesmas\vendor\codeigniter4\framework\system\CodeIgniter.php(431): CodeIgniter\CodeIgniter->runController(Object(App\Controllers\DBiodata))
#2 C:\xampp\htdocs\puskesmas\vendor\codeigniter4\framework\system\CodeIgniter.php(332): CodeIgniter\CodeIgniter->handleRequest(NULL, Object(Config\Cache), false)
#3 C:\xampp\htdocs\puskesmas\public\index.php(44): CodeIgniter\CodeIgniter->run()
#4 C:\xampp\htdocs\puskesmas\vendor\codeigniter4\framework\system\Commands\Server\rewrite.php(45): require_once('C:\\xampp\\htdocs...')
#5 {main}
CRITICAL - 2023-10-24 01:03:01 --> Cannot declare class App\Controllers\Poli, because the name is already in use
#0 [internal function]: CodeIgniter\Debug\Exceptions->shutdownHandler()
#1 {main}
CRITICAL - 2023-10-24 01:03:15 --> Cannot declare class App\Controllers\Poli, because the name is already in use
#0 [internal function]: CodeIgniter\Debug\Exceptions->shutdownHandler()
#1 {main}
CRITICAL - 2023-10-24 16:56:14 --> syntax error, unexpected '?>', expecting function (T_FUNCTION) or const (T_CONST)
#0 C:\xampp\htdocs\puskesmas\vendor\codeigniter4\framework\system\Router\Router.php(170): CodeIgniter\Router\Router->autoRoute('DHistory')
#1 C:\xampp\htdocs\puskesmas\vendor\codeigniter4\framework\system\CodeIgniter.php(815): CodeIgniter\Router\Router->handle('DHistory')
#2 C:\xampp\htdocs\puskesmas\vendor\codeigniter4\framework\system\CodeIgniter.php(384): CodeIgniter\CodeIgniter->tryToRouteIt(Object(CodeIgniter\Router\RouteCollection))
#3 C:\xampp\htdocs\puskesmas\vendor\codeigniter4\framework\system\CodeIgniter.php(332): CodeIgniter\CodeIgniter->handleRequest(NULL, Object(Config\Cache), false)
#4 C:\xampp\htdocs\puskesmas\public\index.php(44): CodeIgniter\CodeIgniter->run()
#5 C:\xampp\htdocs\puskesmas\vendor\codeigniter4\framework\system\Commands\Server\rewrite.php(45): require_once('C:\\xampp\\htdocs...')
#6 {main}
CRITICAL - 2023-10-24 17:01:50 --> syntax error, unexpected '?>', expecting function (T_FUNCTION) or const (T_CONST)
#0 C:\xampp\htdocs\puskesmas\vendor\codeigniter4\framework\system\Router\Router.php(170): CodeIgniter\Router\Router->autoRoute('DHistory')
#1 C:\xampp\htdocs\puskesmas\vendor\codeigniter4\framework\system\CodeIgniter.php(815): CodeIgniter\Router\Router->handle('DHistory')
#2 C:\xampp\htdocs\puskesmas\vendor\codeigniter4\framework\system\CodeIgniter.php(384): CodeIgniter\CodeIgniter->tryToRouteIt(Object(CodeIgniter\Router\RouteCollection))
#3 C:\xampp\htdocs\puskesmas\vendor\codeigniter4\framework\system\CodeIgniter.php(332): CodeIgniter\CodeIgniter->handleRequest(NULL, Object(Config\Cache), false)
#4 C:\xampp\htdocs\puskesmas\public\index.php(44): CodeIgniter\CodeIgniter->run()
#5 C:\xampp\htdocs\puskesmas\vendor\codeigniter4\framework\system\Commands\Server\rewrite.php(45): require_once('C:\\xampp\\htdocs...')
#6 {main}
CRITICAL - 2023-10-24 17:02:00 --> syntax error, unexpected '?>', expecting function (T_FUNCTION) or const (T_CONST)
#0 C:\xampp\htdocs\puskesmas\vendor\codeigniter4\framework\system\Router\Router.php(170): CodeIgniter\Router\Router->autoRoute('DHistory')
#1 C:\xampp\htdocs\puskesmas\vendor\codeigniter4\framework\system\CodeIgniter.php(815): CodeIgniter\Router\Router->handle('DHistory')
#2 C:\xampp\htdocs\puskesmas\vendor\codeigniter4\framework\system\CodeIgniter.php(384): CodeIgniter\CodeIgniter->tryToRouteIt(Object(CodeIgniter\Router\RouteCollection))
#3 C:\xampp\htdocs\puskesmas\vendor\codeigniter4\framework\system\CodeIgniter.php(332): CodeIgniter\CodeIgniter->handleRequest(NULL, Object(Config\Cache), false)
#4 C:\xampp\htdocs\puskesmas\public\index.php(44): CodeIgniter\CodeIgniter->run()
#5 C:\xampp\htdocs\puskesmas\vendor\codeigniter4\framework\system\Commands\Server\rewrite.php(45): require_once('C:\\xampp\\htdocs...')
#6 {main}
CRITICAL - 2023-10-24 17:08:17 --> Maximum execution time of 60 seconds exceeded
#0 [internal function]: CodeIgniter\Debug\Exceptions->shutdownHandler()
#1 {main}
CRITICAL - 2023-10-24 17:08:20 --> Class 'App\Models\DAntrian_model' not found
#0 C:\xampp\htdocs\puskesmas\vendor\codeigniter4\framework\system\CodeIgniter.php(935): App\Controllers\DAntrian->index()
#1 C:\xampp\htdocs\puskesmas\vendor\codeigniter4\framework\system\CodeIgniter.php(431): CodeIgniter\CodeIgniter->runController(Object(App\Controllers\DAntrian))
#2 C:\xampp\htdocs\puskesmas\vendor\codeigniter4\framework\system\CodeIgniter.php(332): CodeIgniter\CodeIgniter->handleRequest(NULL, Object(Config\Cache), false)
#3 C:\xampp\htdocs\puskesmas\public\index.php(44): CodeIgniter\CodeIgniter->run()
#4 C:\xampp\htdocs\puskesmas\vendor\codeigniter4\framework\system\Commands\Server\rewrite.php(45): require_once('C:\\xampp\\htdocs...')
#5 {main}
CRITICAL - 2023-10-24 17:48:35 --> syntax error, unexpected '?>', expecting function (T_FUNCTION) or const (T_CONST)
#0 C:\xampp\htdocs\puskesmas\vendor\codeigniter4\framework\system\Router\Router.php(170): CodeIgniter\Router\Router->autoRoute('DHistory')
#1 C:\xampp\htdocs\puskesmas\vendor\codeigniter4\framework\system\CodeIgniter.php(815): CodeIgniter\Router\Router->handle('DHistory')
#2 C:\xampp\htdocs\puskesmas\vendor\codeigniter4\framework\system\CodeIgniter.php(384): CodeIgniter\CodeIgniter->tryToRouteIt(Object(CodeIgniter\Router\RouteCollection))
#3 C:\xampp\htdocs\puskesmas\vendor\codeigniter4\framework\system\CodeIgniter.php(332): CodeIgniter\CodeIgniter->handleRequest(NULL, Object(Config\Cache), false)
#4 C:\xampp\htdocs\puskesmas\public\index.php(44): CodeIgniter\CodeIgniter->run()
#5 C:\xampp\htdocs\puskesmas\vendor\codeigniter4\framework\system\Commands\Server\rewrite.php(45): require_once('C:\\xampp\\htdocs...')
#6 {main}
CRITICAL - 2023-10-24 17:49:46 --> syntax error, unexpected '?>', expecting function (T_FUNCTION) or const (T_CONST)
#0 C:\xampp\htdocs\puskesmas\vendor\codeigniter4\framework\system\Router\Router.php(170): CodeIgniter\Router\Router->autoRoute('DHistory')
#1 C:\xampp\htdocs\puskesmas\vendor\codeigniter4\framework\system\CodeIgniter.php(815): CodeIgniter\Router\Router->handle('DHistory')
#2 C:\xampp\htdocs\puskesmas\vendor\codeigniter4\framework\system\CodeIgniter.php(384): CodeIgniter\CodeIgniter->tryToRouteIt(Object(CodeIgniter\Router\RouteCollection))
#3 C:\xampp\htdocs\puskesmas\vendor\codeigniter4\framework\system\CodeIgniter.php(332): CodeIgniter\CodeIgniter->handleRequest(NULL, Object(Config\Cache), false)
#4 C:\xampp\htdocs\puskesmas\public\index.php(44): CodeIgniter\CodeIgniter->run()
#5 C:\xampp\htdocs\puskesmas\vendor\codeigniter4\framework\system\Commands\Server\rewrite.php(45): require_once('C:\\xampp\\htdocs...')
#6 {main}
